###############################################################################
#
# IAR ANSI C/C++ Compiler V8.50.4.261/W32 for ARM         10/Jan/2021  16:10:16
# Copyright 1999-2020 IAR Systems AB.
#
#    Cpu mode                        
#    Endian                       =  little
#    Source file                  =
#        C:\Users\macanlin\Desktop\GD_modbus\Weight_F3_CarV1.1.5_ADXL345
#        -1-9\Source\APP\main.c
#    Command line                 =
#        -f C:\Users\macanlin\AppData\Local\Temp\EWD838.tmp
#        ("C:\Users\macanlin\Desktop\GD_modbus\Weight_F3_CarV1.1.5_ADXL345
#        -1-9\Source\APP\main.c" -D USE_STDPERIPH_DRIVER -D STM32F072 -lC
#        "C:\Users\macanlin\Desktop\GD_modbus\Weight_F3_CarV1.1.5_ADXL345
#        -1-9\Project\Debug\List" -o
#        "C:\Users\macanlin\Desktop\GD_modbus\Weight_F3_CarV1.1.5_ADXL345
#        -1-9\Project\Debug\Obj" --no_cse --no_unroll --no_inline
#        --no_code_motion --no_tbaa --no_clustering --no_scheduling --debug
#        --endian=little --cpu=Cortex-M0 -e --fpu=None --dlib_config
#        C:\rj\IAR\arm\inc\c\DLib_Config_Normal.h -I
#        "C:\Users\macanlin\Desktop\GD_modbus\Weight_F3_CarV1.1.5_ADXL345
#        -1-9\Project\..\Source\BSP\inc\\" -I
#        "C:\Users\macanlin\Desktop\GD_modbus\Weight_F3_CarV1.1.5_ADXL345
#        -1-9\Project\..\Source\FWLib\inc\\" -I
#        "C:\Users\macanlin\Desktop\GD_modbus\Weight_F3_CarV1.1.5_ADXL345
#        -1-9\Project\..\Source\CMSIS\\" -I
#        "C:\Users\macanlin\Desktop\GD_modbus\Weight_F3_CarV1.1.5_ADXL345
#        -1-9\Project\..\Source\System\OS_Cfg\\" -I
#        "C:\Users\macanlin\Desktop\GD_modbus\Weight_F3_CarV1.1.5_ADXL345
#        -1-9\Project\..\Source\System\uC-CPU\\" -I
#        "C:\Users\macanlin\Desktop\GD_modbus\Weight_F3_CarV1.1.5_ADXL345
#        -1-9\Project\..\Source\System\uC-LIB\\" -I
#        "C:\Users\macanlin\Desktop\GD_modbus\Weight_F3_CarV1.1.5_ADXL345
#        -1-9\Project\..\Source\System\uCOS-III\Ports\\" -I
#        "C:\Users\macanlin\Desktop\GD_modbus\Weight_F3_CarV1.1.5_ADXL345
#        -1-9\Project\..\Source\System\uCOS-III\Source\\" -I
#        "C:\Users\macanlin\Desktop\GD_modbus\Weight_F3_CarV1.1.5_ADXL345
#        -1-9\Project\..\Source\APP\inc\\" -I
#        "C:\Users\macanlin\Desktop\GD_modbus\Weight_F3_CarV1.1.5_ADXL345
#        -1-9\Project\..\Source\FWLib\\" -I
#        "C:\Users\macanlin\Desktop\GD_modbus\Weight_F3_CarV1.1.5_ADXL345
#        -1-9\Project\..\Source\System\uC-LIB\\" -Ol -I
#        C:\rj\IAR\arm\CMSIS\Core\Include\\ -I
#        C:\rj\IAR\arm\CMSIS\DSP\Include\\)
#    Locale                       =  C
#    List file                    =
#        C:\Users\macanlin\Desktop\GD_modbus\Weight_F3_CarV1.1.5_ADXL345
#        -1-9\Project\Debug\List\main.lst
#    Object file                  =
#        C:\Users\macanlin\Desktop\GD_modbus\Weight_F3_CarV1.1.5_ADXL345
#        -1-9\Project\Debug\Obj\main.o
#    Runtime model:                  
#      __SystemLibrary            =  DLib
#      __dlib_file_descriptor     =  0
#      __dlib_full_locale_support =  0
#      __dlib_version             =  6
#
###############################################################################

C:\Users\macanlin\Desktop\GD_modbus\Weight_F3_CarV1.1.5_ADXL345 -1-9\Source\APP\main.c
      1          /*
      2          *********************************************************************************************************
      3          *                                              EXAMPLE CODE
      4          *
      5          *                             (c) Copyright 2012; Micrium, Inc.; Weston, FL
      6          *
      7          *                   All rights reserved.  Protected by international copyright laws.
      8          *                   Knowledge of the source code may not be used to write a similar
      9          *                   product.  This file may only be used in accordance with a license
     10          *                   and should not be redistributed in any way.
     11          *********************************************************************************************************
     12          */
     13          
     14          /*
     15          *********************************************************************************************************
     16          *
     17          *                                            EXAMPLE CODE
     18          *
     19          *                                     ST Microelectronics STM32
     20          *                                              on the
     21          *
     22          *                                          STM32F0518-EVAL
     23          *                                         Evaluation Board
     24          *
     25          * Filename      : app.c
     26          * Version       : V1.00
     27          * Programmer(s) : MD
     28          *********************************************************************************************************
     29          */
     30          
     31          /*
     32          *********************************************************************************************************
     33          *                                             INCLUDE FILES
     34          *********************************************************************************************************
     35          */
     36          
     37          #include  <includes.h>
     38          #include "ADXL345.h"
     39          

   \                                 In section .rodata, align 4
     40          const u8 SoftWareVersion[]="SV16.10.24.01";
   \                     SoftWareVersion:
   \        0x0   0x53 0x56          DC8 "SV16.10.24.01"

   \              0x31 0x36    

   \              0x2E 0x31    

   \              0x30 0x2E    

   \              0x32 0x34    

   \              0x2E 0x30    

   \              0x31 0x00
   \        0xE                      DS8 2
     41          /* Private macro -------------------------------------------------------------*/
     42          /* Private variables ---------------------------------------------------------*/
     43          #if REMAP > 0
     44          
     45          #define APPLICATION_ADDRESS     (uint32_t)0x08003000
     46          
     47          #if   (defined ( __CC_ARM ))
     48          __IO uint32_t VectorTable[48] __attribute__((at(0x20000000)));
     49          #elif (defined (__ICCARM__))
     50          #pragma location = 0x20000000

   \                                 In section .noinit, at 0x20000000
     51          __no_init __IO uint32_t VectorTable[48];
   \                     VectorTable:
   \        0x0                      DS8 192
     52          #elif defined   (  __GNUC__  )
     53          __IO uint32_t VectorTable[48] __attribute__((section(".RAMVectorTable")));
     54          #elif defined ( __TASKING__ )
     55          __IO uint32_t VectorTable[48] __at(0x20000000);
     56          #endif
     57          
     58          #endif
     59          
     60          /*
     61          *********************************************************************************************************
     62          *                                            LOCAL DEFINES
     63          *********************************************************************************************************
     64          */
     65          
     66          /*
     67          *********************************************************************************************************
     68          *                                       LOCAL GLOBAL VARIABLES
     69          *********************************************************************************************************
     70          */
     71          

   \                                 In section .bss, align 4
     72          static  OS_TCB  AppTaskStartTCB;
   \                     AppTaskStartTCB:
   \        0x0                      DS8 192

   \                                 In section .bss, align 4
     73          OS_TCB          AppTaskMBTCB;
   \                     AppTaskMBTCB:
   \        0x0                      DS8 192

   \                                 In section .bss, align 4
     74          OS_TCB          AppDITCB;
   \                     AppDITCB:
   \        0x0                      DS8 192

   \                                 In section .bss, align 4
     75          OS_TCB          AppAnalogTCB;
   \                     AppAnalogTCB:
   \        0x0                      DS8 192

   \                                 In section .bss, align 4
     76          OS_TCB          AppUartMasterTCB;
   \                     AppUartMasterTCB:
   \        0x0                      DS8 192

   \                                 In section .bss, align 4
     77          OS_TCB          ADXL345;
   \                     ADXL345:
   \        0x0                      DS8 192
     78          
     79          //#pragma pack(8)
     80          

   \                                 In section .bss, align 4
     81          static  CPU_STK         AppTaskStartStk[APP_CFG_TASK_START_STK_SIZE];
   \                     AppTaskStartStk:
   \        0x0                      DS8 256

   \                                 In section .bss, align 4
     82          static	CPU_STK         AppTaskMBStk[APP_CFG_TASK_MB_STK_SIZE];
   \                     AppTaskMBStk:
   \        0x0                      DS8 512
     83          //static	CPU_STK         AppDIStk[APP_CFG_TASK_DI_STK_SIZE];

   \                                 In section .bss, align 4
     84          static	CPU_STK         AppANStk[APP_CFG_TASK_AN_STK_SIZE];
   \                     AppANStk:
   \        0x0                      DS8 512

   \                                 In section .bss, align 4
     85          static	CPU_STK         ADXL[APP_CFG_TASK_AN_STK_SIZE];
   \                     ADXL:
   \        0x0                      DS8 512
     86          //static	CPU_STK         AppUARTMASTERStk[APP_CFG_TASK_UART3_STK_SIZE];
     87          
     88          //#pragma pack()
     89          
     90          
     91          #define PLUSE_CNT_Q_NUM 8
     92          
     93          /*
     94          *********************************************************************************************************
     95          *                                         FUNCTION PROTOTYPES
     96          *********************************************************************************************************
     97          */
     98          
     99          static void App_StartTask(void *p_arg);
    100          static void App_CreateTask(void);
    101          static void App_CreateObject(void);
    102          extern unsigned char	ADXL345_BUF[12];
    103          
    104          #if REMAP > 0

   \                                 In section .text, align 2, keep-with-next
    105          void CopyVectorToRamAndRemap(void)
    106          {
   \                     CopyVectorToRamAndRemap: (+1)
   \        0x0   0xB580             PUSH     {R7,LR}
    107              for(long i = 0; i < 48; i++)
   \        0x2   0x2000             MOVS     R0,#+0
   \        0x4   0xE009             B        ??CopyVectorToRamAndRemap_0
    108              {
    109                  VectorTable[i] = *(__IO uint32_t*)(APPLICATION_ADDRESS + (i<<2));
   \                     ??CopyVectorToRamAndRemap_1: (+1)
   \        0x6   0x0081             LSLS     R1,R0,#+2
   \        0x8   0x....             LDR      R2,??DataTable4  ;; 0x8003000
   \        0xA   0x1889             ADDS     R1,R1,R2
   \        0xC   0x6809             LDR      R1,[R1, #+0]
   \        0xE   0x2280             MOVS     R2,#+128
   \       0x10   0x0592             LSLS     R2,R2,#+22       ;; #+536870912
   \       0x12   0x2304             MOVS     R3,#+4
   \       0x14   0x4343             MULS     R3,R0,R3
   \       0x16   0x50D1             STR      R1,[R2, R3]
    110              }
   \       0x18   0x1C40             ADDS     R0,R0,#+1
   \                     ??CopyVectorToRamAndRemap_0: (+1)
   \       0x1A   0x2830             CMP      R0,#+48
   \       0x1C   0xDBF3             BLT      ??CopyVectorToRamAndRemap_1
    111          	
    112              /* Enable the SYSCFG peripheral clock*/
    113              RCC_APB2PeriphClockCmd(RCC_APB2Periph_SYSCFG, ENABLE); 
   \       0x1E   0x2101             MOVS     R1,#+1
   \       0x20   0x2001             MOVS     R0,#+1
   \       0x22   0x....'....        BL       RCC_APB2PeriphClockCmd
    114              /* Remap SRAM at 0x00000000 */
    115              SYSCFG_MemoryRemapConfig(SYSCFG_MemoryRemap_SRAM);
   \       0x26   0x2003             MOVS     R0,#+3
   \       0x28   0x....'....        BL       SYSCFG_MemoryRemapConfig
    116          }
   \       0x2C   0xBD01             POP      {R0,PC}          ;; return
   \       0x2E                      REQUIRE VectorTable
    117          #endif
    118          

   \                                 In section .bss, align 4
    119          float temp[3];
   \                     temp:
   \        0x0                      DS8 12

   \                                 In section .bss, align 4
    120          float x,y,z;
   \                     x:
   \        0x0                      DS8 4

   \                                 In section .bss, align 4
   \                     y:
   \        0x0                      DS8 4

   \                                 In section .bss, align 4
   \                     z:
   \        0x0                      DS8 4

   \                                 In section .bss, align 4
    121          int  dis_data[3]; 
   \                     dis_data:
   \        0x0                      DS8 12

   \                                 In section .bss, align 1
    122          char devid=0;
   \                     devid:
   \        0x0                      DS8 1

   \                                 In section .text, align 2, keep-with-next
    123          static void ADXL345_Task(void *p_arg)
    124          {
   \                     ADXL345_Task: (+1)
   \        0x0   0xB5E0             PUSH     {R5-R7,LR}
    125              OS_ERR Err;
    126            Init_ADXL345();
   \        0x2   0x....'....        BL       Init_ADXL345
    127            devid=Single_Read_ADXL345(0X00);
                         ^
Warning[Pe223]: function "Single_Read_ADXL345" declared implicitly
   \        0x6   0x2000             MOVS     R0,#+0
   \        0x8   0x....'....        BL       Single_Read_ADXL345
   \        0xC   0x....             LDR      R1,??DataTable4_1
   \        0xE   0x7008             STRB     R0,[R1, #+0]
    128              while(1)
    129              {
    130                  
    131                  Multiple_read1_ADXL345();       	//连续读出数据，存储在BUF中
   \                     ??ADXL345_Task_0: (+1)
   \       0x10   0x....'....        BL       Multiple_read1_ADXL345
    132          
    133               OSTimeDlyHMSM(0,0,0,500,OS_OPT_TIME_HMSM_STRICT,&Err); //延时500Ms
   \       0x14   0xA802             ADD      R0,SP,#+8
   \       0x16   0x9001             STR      R0,[SP, #+4]
   \       0x18   0x2000             MOVS     R0,#+0
   \       0x1A   0x9000             STR      R0,[SP, #+0]
   \       0x1C   0x23FA             MOVS     R3,#+250
   \       0x1E   0x005B             LSLS     R3,R3,#+1        ;; #+500
   \       0x20   0x2200             MOVS     R2,#+0
   \       0x22   0x2100             MOVS     R1,#+0
   \       0x24   0x2000             MOVS     R0,#+0
   \       0x26   0x....'....        BL       OSTimeDlyHMSM
   \       0x2A   0xE7F1             B        ??ADXL345_Task_0
    134          
    135              }
    136            
    137          
    138          }
    139          
    140          /*
    141          *********************************************************************************************************
    142          *                                                main()
    143          *
    144          * Description : This is the standard entry point for C code.  It is assumed that your code will call
    145          *               main() once you have performed all necessary initialization.
    146          *
    147          * Arguments   : none
    148          *
    149          * Returns     : none
    150          *********************************************************************************************************
    151          */
    152          
    153          

   \                                 In section .text, align 2, keep-with-next
    154          int main(void)
    155          {
   \                     main: (+1)
   \        0x0   0xB580             PUSH     {R7,LR}
   \        0x2   0xB08A             SUB      SP,SP,#+40
    156              OS_ERR      err;
    157          #if (CPU_CFG_NAME_ERR == DEF_ENABLED)
    158              CPU_ERR     cpu_err;
    159          #endif
    160              
    161              BSP_IntDisAll();                                            /* Disable all interrupts.                              */
   \        0x4   0x....'....        BL       BSP_IntDisAll
    162          
    163              #if REMAP > 0
    164              CopyVectorToRamAndRemap();
   \        0x8   0x....'....        BL       CopyVectorToRamAndRemap
    165              #endif
    166          
    167              SystemInit();
   \        0xC   0x....'....        BL       SystemInit
    168              RCC_MCOConfig(RCC_MCOSource_NoClock, RCC_MCOPrescaler_1);
   \       0x10   0x2100             MOVS     R1,#+0
   \       0x12   0x2000             MOVS     R0,#+0
   \       0x14   0x....'....        BL       RCC_MCOConfig
    169                  
    170              CPU_Init();
   \       0x18   0x....'....        BL       CPU_Init
    171          
    172              OSInit(&err);                                               /* Initialize "uC/OS-II, The Real-Time Kernel"          */
   \       0x1C   0xA809             ADD      R0,SP,#+36
   \       0x1E   0x....'....        BL       OSInit
    173          
    174              OSTaskCreate((OS_TCB      *)&AppTaskStartTCB,               /* Create the start task                                */
    175                           (CPU_CHAR    *)"App Start Task",
    176                           (OS_TASK_PTR  )App_StartTask,
    177                           (void        *)0,
    178                           (OS_PRIO      )APP_CFG_TASK_START_PRIO,
    179                           (CPU_STK     *)&AppTaskStartStk[0],
    180                           (CPU_STK_SIZE )APP_CFG_TASK_START_STK_SIZE_LIMIT,
    181                           (CPU_STK_SIZE )APP_CFG_TASK_START_STK_SIZE,
    182                           (OS_MSG_QTY   )0,
    183                           (OS_TICK      )0,
    184                           (void        *)0,
    185                           (OS_OPT       )(OS_OPT_TASK_STK_CHK | OS_OPT_TASK_STK_CLR),
    186                           (OS_ERR      *)&err);
   \       0x22   0xA809             ADD      R0,SP,#+36
   \       0x24   0x9008             STR      R0,[SP, #+32]
   \       0x26   0x2003             MOVS     R0,#+3
   \       0x28   0x9007             STR      R0,[SP, #+28]
   \       0x2A   0x2000             MOVS     R0,#+0
   \       0x2C   0x9006             STR      R0,[SP, #+24]
   \       0x2E   0x2000             MOVS     R0,#+0
   \       0x30   0x9005             STR      R0,[SP, #+20]
   \       0x32   0x2000             MOVS     R0,#+0
   \       0x34   0x9004             STR      R0,[SP, #+16]
   \       0x36   0x2040             MOVS     R0,#+64
   \       0x38   0x9003             STR      R0,[SP, #+12]
   \       0x3A   0x2006             MOVS     R0,#+6
   \       0x3C   0x9002             STR      R0,[SP, #+8]
   \       0x3E   0x....             LDR      R0,??DataTable4_2
   \       0x40   0x9001             STR      R0,[SP, #+4]
   \       0x42   0x2002             MOVS     R0,#+2
   \       0x44   0x9000             STR      R0,[SP, #+0]
   \       0x46   0x2300             MOVS     R3,#+0
   \       0x48   0x....             LDR      R2,??DataTable4_3
   \       0x4A   0x....             LDR      R1,??DataTable4_4
   \       0x4C   0x....             LDR      R0,??DataTable4_5
   \       0x4E   0x....'....        BL       OSTaskCreate
    187          
    188              OSStart(&err);                                              /* Start multitasking (i.e. give control to uC/OS-II)   */
   \       0x52   0xA809             ADD      R0,SP,#+36
   \       0x54   0x....'....        BL       OSStart
    189          
    190              return (1);
   \       0x58   0x2001             MOVS     R0,#+1
   \       0x5A   0xB00B             ADD      SP,SP,#+44
   \       0x5C   0xBD00             POP      {PC}             ;; return
    191          }
    192          
    193          /*
    194          *********************************************************************************************************
    195          *                                          STARTUP TASK
    196          *
    197          * Description : This is an example of a startup task.  As mentioned in the book's text, you MUST
    198          *               initialize the ticker only once multitasking has started.
    199          *
    200          * Arguments   : p_arg   is the argument passed to 'AppTaskStart()' by 'OSTaskCreate()'.
    201          *
    202          * Returns     : none
    203          *
    204          * Notes       : 1) The first line of code is used to prevent a compiler warning because 'p_arg' is not
    205          *                  used.  The compiler should not generate any code for this statement.
    206          *********************************************************************************************************
    207          */
    208          

   \                                 In section .text, align 2, keep-with-next
    209          static  void  App_StartTask(void *p_arg)
    210          {
   \                     App_StartTask: (+1)
   \        0x0   0xB580             PUSH     {R7,LR}
    211              CPU_INT32U  cpu_clk_freq;
    212              CPU_INT32U  cnts;
    213              OS_ERR  Err;
    214          
    215              (void)p_arg;                                                /* Note #1                                             */
    216          
    217              BSP_Init();                                                 /* Initialize BSP functions                             */
   \        0x2   0x....'....        BL       BSP_Init
    218              CPU_Init();                                                 /* Initialize the uC/CPU services                       */
   \        0x6   0x....'....        BL       CPU_Init
    219          
    220              cpu_clk_freq = BSP_CPU_ClkFreq();                           /* Determine SysTick reference freq.                    */
   \        0xA   0x....'....        BL       BSP_CPU_ClkFreq
    221              cnts         = cpu_clk_freq                                 /* Determine nbr SysTick increments                     */
    222                           / (CPU_INT32U)OSCfg_TickRate_Hz;
   \        0xE   0x....             LDR      R1,??DataTable4_6
   \       0x10   0x6809             LDR      R1,[R1, #+0]
   \       0x12   0x....'....        BL       __aeabi_uidiv
    223          
    224              OS_CPU_SysTickInit(cnts);                                   /* Init uC/OS periodic time src (SysTick).              */
   \       0x16   0x....'....        BL       OS_CPU_SysTickInit
    225          
    226          #if OS_CFG_STAT_TASK_EN > 0u
    227              OSStatTaskCPUUsageInit(&os_err);                            /* Compute CPU capacity with no task running            */
    228          #endif
    229              App_CreateObject();
   \       0x1A   0x....'....        BL       App_CreateObject
    230              App_CreateTask();                                            /* Create application tasks                              */
   \       0x1E   0x....'....        BL       App_CreateTask
    231          
    232          	OSTaskDel((OS_TCB *)0, (OS_ERR *)&Err);
   \       0x22   0x4669             MOV      R1,SP
   \       0x24   0x2000             MOVS     R0,#+0
   \       0x26   0x....'....        BL       OSTaskDel
    233          }
   \       0x2A   0xBD01             POP      {R0,PC}          ;; return
    234          

   \                                 In section .text, align 2, keep-with-next
    235          void App_CreateObject(void)
    236          {
    237              
    238          }
   \                     App_CreateObject: (+1)
   \        0x0   0x4770             BX       LR               ;; return
    239          
    240          
    241          /*
    242          *********************************************************************************************************
    243          *                                      App_CreateTask()
    244          *
    245          * Description : Create the application tasks.
    246          *
    247          * Argument(s) : none.
    248          *
    249          * Return(s)   : none.
    250          *
    251          * Caller(s)   : App_TaskStart()
    252          *
    253          * Note(s)     : none.
    254          *********************************************************************************************************
    255          */

   \                                 In section .text, align 2, keep-with-next
    256          static  void  App_CreateTask(void)
    257          {
   \                     App_CreateTask: (+1)
   \        0x0   0xB580             PUSH     {R7,LR}
   \        0x2   0xB08A             SUB      SP,SP,#+40
    258              OS_ERR  err;
    259          
    260              OSTaskCreate((OS_TCB      *)&AppTaskMBTCB,              /* Task Modbus for custom */
    261                           (CPU_CHAR    *)"App Task Modbus",
    262                           (OS_TASK_PTR  ) APP_MB_Task,
    263                           (void        *) 0,
    264                           (OS_PRIO      ) APP_CFG_TASK_MB_PRIO,
    265                           (CPU_STK     *) &AppTaskMBStk[0],
    266                           (CPU_STK_SIZE ) APP_CFG_TASK_MB_STK_SIZE_LIMIT,
    267                           (CPU_STK_SIZE ) APP_CFG_TASK_MB_STK_SIZE,
    268                           (OS_MSG_QTY   ) 0,
    269                           (OS_TICK      ) 0,
    270                           (void        *) 0,
    271                           (OS_OPT       )(OS_OPT_TASK_STK_CHK | OS_OPT_TASK_STK_CLR),
    272                           (OS_ERR      *)&err);
   \        0x4   0xA809             ADD      R0,SP,#+36
   \        0x6   0x9008             STR      R0,[SP, #+32]
   \        0x8   0x2003             MOVS     R0,#+3
   \        0xA   0x9007             STR      R0,[SP, #+28]
   \        0xC   0x2000             MOVS     R0,#+0
   \        0xE   0x9006             STR      R0,[SP, #+24]
   \       0x10   0x2000             MOVS     R0,#+0
   \       0x12   0x9005             STR      R0,[SP, #+20]
   \       0x14   0x2000             MOVS     R0,#+0
   \       0x16   0x9004             STR      R0,[SP, #+16]
   \       0x18   0x2080             MOVS     R0,#+128
   \       0x1A   0x9003             STR      R0,[SP, #+12]
   \       0x1C   0x200C             MOVS     R0,#+12
   \       0x1E   0x9002             STR      R0,[SP, #+8]
   \       0x20   0x....             LDR      R0,??DataTable4_7
   \       0x22   0x9001             STR      R0,[SP, #+4]
   \       0x24   0x2003             MOVS     R0,#+3
   \       0x26   0x9000             STR      R0,[SP, #+0]
   \       0x28   0x2300             MOVS     R3,#+0
   \       0x2A   0x....             LDR      R2,??DataTable4_8
   \       0x2C   0x....             LDR      R1,??DataTable4_9
   \       0x2E   0x....             LDR      R0,??DataTable4_10
   \       0x30   0x....'....        BL       OSTaskCreate
    273          /*
    274          	OSTaskCreate((OS_TCB      *)&AppDITCB,                 // Task Read DI
    275                           (CPU_CHAR    *)"App DI Task",
    276                           (OS_TASK_PTR  ) App_DI_Task,
    277                           (void        *) 0,
    278                           (OS_PRIO      ) APP_CFG_TASK_DI_PRIO,
    279                           (CPU_STK     *) &AppDIStk[0],
    280                           (CPU_STK_SIZE ) APP_CFG_TASK_DI_STK_SIZE_LIMIT,
    281                           (CPU_STK_SIZE ) APP_CFG_TASK_DI_STK_SIZE,
    282                           (OS_MSG_QTY   ) 0,
    283                           (OS_TICK      ) 0,
    284                           (void        *) 0,
    285                           (OS_OPT       )(OS_OPT_TASK_STK_CHK | OS_OPT_TASK_STK_CLR),
    286                           (OS_ERR      *)&err);
    287          */
    288          	OSTaskCreate((OS_TCB      *)&AppAnalogTCB,              /*Task Read Analog Data*/
    289                           (CPU_CHAR    *)"App Analog Task",
    290                           (OS_TASK_PTR  ) App_Analog_Task,
    291                           (void        *) 0,
    292                           (OS_PRIO      ) APP_CFG_TASK_AN_PRIO,
    293                           (CPU_STK     *) &AppANStk[0],
    294                           (CPU_STK_SIZE ) APP_CFG_TASK_AN_STK_SIZE_LIMIT,
    295                           (CPU_STK_SIZE ) APP_CFG_TASK_AN_STK_SIZE,
    296                           (OS_MSG_QTY   ) 0,
    297                           (OS_TICK      ) 0,
    298                           (void        *) 0,
    299                           (OS_OPT       )(OS_OPT_TASK_STK_CHK | OS_OPT_TASK_STK_CLR),
    300                           (OS_ERR      *)&err);
   \       0x34   0xA809             ADD      R0,SP,#+36
   \       0x36   0x9008             STR      R0,[SP, #+32]
   \       0x38   0x2003             MOVS     R0,#+3
   \       0x3A   0x9007             STR      R0,[SP, #+28]
   \       0x3C   0x2000             MOVS     R0,#+0
   \       0x3E   0x9006             STR      R0,[SP, #+24]
   \       0x40   0x2000             MOVS     R0,#+0
   \       0x42   0x9005             STR      R0,[SP, #+20]
   \       0x44   0x2000             MOVS     R0,#+0
   \       0x46   0x9004             STR      R0,[SP, #+16]
   \       0x48   0x2080             MOVS     R0,#+128
   \       0x4A   0x9003             STR      R0,[SP, #+12]
   \       0x4C   0x200C             MOVS     R0,#+12
   \       0x4E   0x9002             STR      R0,[SP, #+8]
   \       0x50   0x....             LDR      R0,??DataTable4_11
   \       0x52   0x9001             STR      R0,[SP, #+4]
   \       0x54   0x2004             MOVS     R0,#+4
   \       0x56   0x9000             STR      R0,[SP, #+0]
   \       0x58   0x2300             MOVS     R3,#+0
   \       0x5A   0x....             LDR      R2,??DataTable4_12
   \       0x5C   0x....             LDR      R1,??DataTable4_13
   \       0x5E   0x....             LDR      R0,??DataTable4_14
   \       0x60   0x....'....        BL       OSTaskCreate
    301                  
    302                  OSTaskCreate((OS_TCB      *)&ADXL345,            
    303                           (CPU_CHAR    *)"ADXL345_Task",
    304                           (OS_TASK_PTR  ) ADXL345_Task,
    305                           (void        *) 0,
    306                           (OS_PRIO      ) APP_CFG_TASK_AN_PRIO,
    307                           (CPU_STK     *) &ADXL[0],
    308                           (CPU_STK_SIZE ) APP_CFG_TASK_AN_STK_SIZE_LIMIT,
    309                           (CPU_STK_SIZE ) APP_CFG_TASK_AN_STK_SIZE,
    310                           (OS_MSG_QTY   ) 0,
    311                           (OS_TICK      ) 0,
    312                           (void        *) 0,
    313                           (OS_OPT       )(OS_OPT_TASK_STK_CHK | OS_OPT_TASK_STK_CLR),
    314                           (OS_ERR      *)&err);
   \       0x64   0xA809             ADD      R0,SP,#+36
   \       0x66   0x9008             STR      R0,[SP, #+32]
   \       0x68   0x2003             MOVS     R0,#+3
   \       0x6A   0x9007             STR      R0,[SP, #+28]
   \       0x6C   0x2000             MOVS     R0,#+0
   \       0x6E   0x9006             STR      R0,[SP, #+24]
   \       0x70   0x2000             MOVS     R0,#+0
   \       0x72   0x9005             STR      R0,[SP, #+20]
   \       0x74   0x2000             MOVS     R0,#+0
   \       0x76   0x9004             STR      R0,[SP, #+16]
   \       0x78   0x2080             MOVS     R0,#+128
   \       0x7A   0x9003             STR      R0,[SP, #+12]
   \       0x7C   0x200C             MOVS     R0,#+12
   \       0x7E   0x9002             STR      R0,[SP, #+8]
   \       0x80   0x....             LDR      R0,??DataTable4_15
   \       0x82   0x9001             STR      R0,[SP, #+4]
   \       0x84   0x2004             MOVS     R0,#+4
   \       0x86   0x9000             STR      R0,[SP, #+0]
   \       0x88   0x2300             MOVS     R3,#+0
   \       0x8A   0x....             LDR      R2,??DataTable4_16
   \       0x8C   0x....             LDR      R1,??DataTable4_17
   \       0x8E   0x....             LDR      R0,??DataTable4_18
   \       0x90   0x....'....        BL       OSTaskCreate
    315          /*
    316              OSTaskCreate((OS_TCB      *)&AppUartMasterTCB,          //Task Read Uart Data
    317                           (CPU_CHAR    *)"App UartMaster",
    318                           (OS_TASK_PTR  ) App_Uart_Task,
    319                           (void        *) 0,
    320                           (OS_PRIO      ) APP_CFG_TASK_UART_MASTER_PRIO,
    321                           (CPU_STK     *) &AppUARTMASTERStk[0],
    322                           (CPU_STK_SIZE ) APP_CFG_TASK_UART3_STK_SIZE_LIMIT,
    323                           (CPU_STK_SIZE ) APP_CFG_TASK_UART3_STK_SIZE,
    324                           (OS_MSG_QTY   ) 0,
    325                           (OS_TICK      ) 0,
    326                           (void        *) 0,
    327                           (OS_OPT       )(OS_OPT_TASK_STK_CHK | OS_OPT_TASK_STK_CLR),
    328                           (OS_ERR      *)&err);
    329                           */
    330          }
   \       0x94   0xB00B             ADD      SP,SP,#+44
   \       0x96   0xBD00             POP      {PC}             ;; return

   \                                 In section .text, align 4, keep-with-next
   \                     ??DataTable4:
   \        0x0   0x0800'3000        DC32     0x8003000

   \                                 In section .text, align 4, keep-with-next
   \                     ??DataTable4_1:
   \        0x0   0x....'....        DC32     devid

   \                                 In section .text, align 4, keep-with-next
   \                     ??DataTable4_2:
   \        0x0   0x....'....        DC32     AppTaskStartStk

   \                                 In section .text, align 4, keep-with-next
   \                     ??DataTable4_3:
   \        0x0   0x....'....        DC32     App_StartTask

   \                                 In section .text, align 4, keep-with-next
   \                     ??DataTable4_4:
   \        0x0   0x....'....        DC32     ?_0

   \                                 In section .text, align 4, keep-with-next
   \                     ??DataTable4_5:
   \        0x0   0x....'....        DC32     AppTaskStartTCB

   \                                 In section .text, align 4, keep-with-next
   \                     ??DataTable4_6:
   \        0x0   0x....'....        DC32     OSCfg_TickRate_Hz

   \                                 In section .text, align 4, keep-with-next
   \                     ??DataTable4_7:
   \        0x0   0x....'....        DC32     AppTaskMBStk

   \                                 In section .text, align 4, keep-with-next
   \                     ??DataTable4_8:
   \        0x0   0x....'....        DC32     APP_MB_Task

   \                                 In section .text, align 4, keep-with-next
   \                     ??DataTable4_9:
   \        0x0   0x....'....        DC32     ?_1

   \                                 In section .text, align 4, keep-with-next
   \                     ??DataTable4_10:
   \        0x0   0x....'....        DC32     AppTaskMBTCB

   \                                 In section .text, align 4, keep-with-next
   \                     ??DataTable4_11:
   \        0x0   0x....'....        DC32     AppANStk

   \                                 In section .text, align 4, keep-with-next
   \                     ??DataTable4_12:
   \        0x0   0x....'....        DC32     App_Analog_Task

   \                                 In section .text, align 4, keep-with-next
   \                     ??DataTable4_13:
   \        0x0   0x....'....        DC32     ?_2

   \                                 In section .text, align 4, keep-with-next
   \                     ??DataTable4_14:
   \        0x0   0x....'....        DC32     AppAnalogTCB

   \                                 In section .text, align 4, keep-with-next
   \                     ??DataTable4_15:
   \        0x0   0x....'....        DC32     ADXL

   \                                 In section .text, align 4, keep-with-next
   \                     ??DataTable4_16:
   \        0x0   0x....'....        DC32     ADXL345_Task

   \                                 In section .text, align 4, keep-with-next
   \                     ??DataTable4_17:
   \        0x0   0x....'....        DC32     ?_3

   \                                 In section .text, align 4, keep-with-next
   \                     ??DataTable4_18:
   \        0x0   0x....'....        DC32     ADXL345

   \                                 In section .rodata, align 4
   \                     ?_0:
   \        0x0   0x41 0x70          DC8 "App Start Task"

   \              0x70 0x20    

   \              0x53 0x74    

   \              0x61 0x72    

   \              0x74 0x20    

   \              0x54 0x61    

   \              0x73 0x6B    

   \              0x00
   \        0xF                      DS8 1

   \                                 In section .rodata, align 4
   \                     ?_1:
   \        0x0   0x41 0x70          DC8 "App Task Modbus"

   \              0x70 0x20    

   \              0x54 0x61    

   \              0x73 0x6B    

   \              0x20 0x4D    

   \              0x6F 0x64    

   \              0x62 0x75    

   \              0x73 0x00

   \                                 In section .rodata, align 4
   \                     ?_2:
   \        0x0   0x41 0x70          DC8 "App Analog Task"

   \              0x70 0x20    

   \              0x41 0x6E    

   \              0x61 0x6C    

   \              0x6F 0x67    

   \              0x20 0x54    

   \              0x61 0x73    

   \              0x6B 0x00

   \                                 In section .rodata, align 4
   \                     ?_3:
   \        0x0   0x41 0x44          DC8 "ADXL345_Task"

   \              0x58 0x4C    

   \              0x33 0x34    

   \              0x35 0x5F    

   \              0x54 0x61    

   \              0x73 0x6B    

   \              0x00
   \        0xD                      DS8 3
    331          

   Maximum stack usage in bytes:

   .cstack Function
   ------- --------
      16   ADXL345_Task
        16   -> Init_ADXL345
        16   -> Multiple_read1_ADXL345
        16   -> OSTimeDlyHMSM
        16   -> Single_Read_ADXL345
       0   App_CreateObject
      48   App_CreateTask
        48   -> OSTaskCreate
       8   App_StartTask
         8   -> App_CreateObject
         8   -> App_CreateTask
         8   -> BSP_CPU_ClkFreq
         8   -> BSP_Init
         8   -> CPU_Init
         8   -> OSTaskDel
         8   -> OS_CPU_SysTickInit
         8 __aeabi_uidiv
       8   CopyVectorToRamAndRemap
         8   -> RCC_APB2PeriphClockCmd
         8   -> SYSCFG_MemoryRemapConfig
      48   main
        48   -> BSP_IntDisAll
        48   -> CPU_Init
        48   -> CopyVectorToRamAndRemap
        48   -> OSInit
        48   -> OSStart
        48   -> OSTaskCreate
        48   -> RCC_MCOConfig
        48   -> SystemInit


   Section sizes:

   Bytes  Function/Label
   -----  --------------
       4  ??DataTable4
       4  ??DataTable4_1
       4  ??DataTable4_10
       4  ??DataTable4_11
       4  ??DataTable4_12
       4  ??DataTable4_13
       4  ??DataTable4_14
       4  ??DataTable4_15
       4  ??DataTable4_16
       4  ??DataTable4_17
       4  ??DataTable4_18
       4  ??DataTable4_2
       4  ??DataTable4_3
       4  ??DataTable4_4
       4  ??DataTable4_5
       4  ??DataTable4_6
       4  ??DataTable4_7
       4  ??DataTable4_8
       4  ??DataTable4_9
      16  ?_0
      16  ?_1
      16  ?_2
      16  ?_3
     512  ADXL
     192  ADXL345
      44  ADXL345_Task
     512  AppANStk
     192  AppAnalogTCB
     192  AppDITCB
     512  AppTaskMBStk
     192  AppTaskMBTCB
     256  AppTaskStartStk
     192  AppTaskStartTCB
     192  AppUartMasterTCB
       2  App_CreateObject
     152  App_CreateTask
      44  App_StartTask
      46  CopyVectorToRamAndRemap
      16  SoftWareVersion
     192  VectorTable
       1  devid
      12  dis_data
      94  main
      12  temp
       4  x
       4  y
       4  z

 
 2'981 bytes in section .bss
   192 bytes in section .noinit  (abs)
    80 bytes in section .rodata
   458 bytes in section .text
 
   458 bytes of CODE  memory
    80 bytes of CONST memory
 2'981 bytes of DATA  memory (+ 192 bytes shared)

Errors: none
Warnings: 1
