###############################################################################
#
# IAR ANSI C/C++ Compiler V8.50.4.261/W32 for ARM         10/Jan/2021  16:10:22
# Copyright 1999-2020 IAR Systems AB.
#
#    Cpu mode             
#    Endian            =  little
#    Source file       =
#        C:\Users\macanlin\Desktop\GD_modbus\Weight_F3_CarV1.1.5_ADXL345
#        -1-9\Source\System\uCOS-III\Source\os_var.c
#    Command line      =
#        -f C:\Users\macanlin\AppData\Local\Temp\EWEFA0.tmp
#        ("C:\Users\macanlin\Desktop\GD_modbus\Weight_F3_CarV1.1.5_ADXL345
#        -1-9\Source\System\uCOS-III\Source\os_var.c" -D USE_STDPERIPH_DRIVER
#        -D STM32F072 -lC
#        "C:\Users\macanlin\Desktop\GD_modbus\Weight_F3_CarV1.1.5_ADXL345
#        -1-9\Project\Debug\List" -o
#        "C:\Users\macanlin\Desktop\GD_modbus\Weight_F3_CarV1.1.5_ADXL345
#        -1-9\Project\Debug\Obj" --no_cse --no_unroll --no_inline
#        --no_code_motion --no_tbaa --no_clustering --no_scheduling --debug
#        --endian=little --cpu=Cortex-M0 -e --fpu=None --dlib_config
#        C:\rj\IAR\arm\inc\c\DLib_Config_Normal.h -I
#        "C:\Users\macanlin\Desktop\GD_modbus\Weight_F3_CarV1.1.5_ADXL345
#        -1-9\Project\..\Source\BSP\inc\\" -I
#        "C:\Users\macanlin\Desktop\GD_modbus\Weight_F3_CarV1.1.5_ADXL345
#        -1-9\Project\..\Source\FWLib\inc\\" -I
#        "C:\Users\macanlin\Desktop\GD_modbus\Weight_F3_CarV1.1.5_ADXL345
#        -1-9\Project\..\Source\CMSIS\\" -I
#        "C:\Users\macanlin\Desktop\GD_modbus\Weight_F3_CarV1.1.5_ADXL345
#        -1-9\Project\..\Source\System\OS_Cfg\\" -I
#        "C:\Users\macanlin\Desktop\GD_modbus\Weight_F3_CarV1.1.5_ADXL345
#        -1-9\Project\..\Source\System\uC-CPU\\" -I
#        "C:\Users\macanlin\Desktop\GD_modbus\Weight_F3_CarV1.1.5_ADXL345
#        -1-9\Project\..\Source\System\uC-LIB\\" -I
#        "C:\Users\macanlin\Desktop\GD_modbus\Weight_F3_CarV1.1.5_ADXL345
#        -1-9\Project\..\Source\System\uCOS-III\Ports\\" -I
#        "C:\Users\macanlin\Desktop\GD_modbus\Weight_F3_CarV1.1.5_ADXL345
#        -1-9\Project\..\Source\System\uCOS-III\Source\\" -I
#        "C:\Users\macanlin\Desktop\GD_modbus\Weight_F3_CarV1.1.5_ADXL345
#        -1-9\Project\..\Source\APP\inc\\" -I
#        "C:\Users\macanlin\Desktop\GD_modbus\Weight_F3_CarV1.1.5_ADXL345
#        -1-9\Project\..\Source\FWLib\\" -I
#        "C:\Users\macanlin\Desktop\GD_modbus\Weight_F3_CarV1.1.5_ADXL345
#        -1-9\Project\..\Source\System\uC-LIB\\" -Ol -I
#        C:\rj\IAR\arm\CMSIS\Core\Include\\ -I
#        C:\rj\IAR\arm\CMSIS\DSP\Include\\)
#    Locale            =  C
#    List file         =
#        C:\Users\macanlin\Desktop\GD_modbus\Weight_F3_CarV1.1.5_ADXL345
#        -1-9\Project\Debug\List\os_var.lst
#    Object file       =
#        C:\Users\macanlin\Desktop\GD_modbus\Weight_F3_CarV1.1.5_ADXL345
#        -1-9\Project\Debug\Obj\os_var.o
#    Runtime model:       
#      __SystemLibrary =  DLib
#
###############################################################################

C:\Users\macanlin\Desktop\GD_modbus\Weight_F3_CarV1.1.5_ADXL345 -1-9\Source\System\uCOS-III\Source\os_var.c
      1          /*
      2          ************************************************************************************************************************
      3          *                                                      uC/OS-III
      4          *                                                 The Real-Time Kernel
      5          *
      6          *                                  (c) Copyright 2009-2012; Micrium, Inc.; Weston, FL
      7          *                           All rights reserved.  Protected by international copyright laws.
      8          *
      9          *                                                      VARIABLES
     10          *
     11          * File    : OS_VAR.C
     12          * By      : JJL
     13          * Version : V3.03.01
     14          *
     15          * LICENSING TERMS:
     16          * ---------------
     17          *           uC/OS-III is provided in source form for FREE short-term evaluation, for educational use or 
     18          *           for peaceful research.  If you plan or intend to use uC/OS-III in a commercial application/
     19          *           product then, you need to contact Micrium to properly license uC/OS-III for its use in your 
     20          *           application/product.   We provide ALL the source code for your convenience and to help you 
     21          *           experience uC/OS-III.  The fact that the source is provided does NOT mean that you can use 
     22          *           it commercially without paying a licensing fee.
     23          *
     24          *           Knowledge of the source code may NOT be used to develop a similar product.
     25          *
     26          *           Please help us continue to provide the embedded community with the finest software available.
     27          *           Your honesty is greatly appreciated.
     28          *
     29          *           You can contact us at www.micrium.com, or by phone at +1 (954) 217-2036.
     30          ************************************************************************************************************************
     31          */
     32          
     33          #define   OS_GLOBALS
     34          
     35          #define  MICRIUM_SOURCE
     36          #include <os.h>

   \                                 In section .bss, align 4
   \   __absolute OS_APP_HOOK_TCB OS_AppTaskCreateHookPtr
   \                     OS_AppTaskCreateHookPtr:
   \        0x0                      DS8 4

   \                                 In section .bss, align 4
   \   __absolute OS_APP_HOOK_TCB OS_AppTaskDelHookPtr
   \                     OS_AppTaskDelHookPtr:
   \        0x0                      DS8 4

   \                                 In section .bss, align 4
   \   __absolute OS_APP_HOOK_TCB OS_AppTaskReturnHookPtr
   \                     OS_AppTaskReturnHookPtr:
   \        0x0                      DS8 4

   \                                 In section .bss, align 4
   \   __absolute void (*)(void) OS_AppIdleTaskHookPtr
   \                     OS_AppIdleTaskHookPtr:
   \        0x0                      DS8 4

   \                                 In section .bss, align 4
   \   __absolute void (*)(void) OS_AppStatTaskHookPtr
   \                     OS_AppStatTaskHookPtr:
   \        0x0                      DS8 4

   \                                 In section .bss, align 4
   \   __absolute void (*)(void) OS_AppTaskSwHookPtr
   \                     OS_AppTaskSwHookPtr:
   \        0x0                      DS8 4

   \                                 In section .bss, align 4
   \   __absolute void (*)(void) OS_AppTimeTickHookPtr
   \                     OS_AppTimeTickHookPtr:
   \        0x0                      DS8 4

   \                                 In section .bss, align 4
   \   __absolute CPU_INT32U OSIdleTaskCtr
   \                     OSIdleTaskCtr:
   \        0x0                      DS8 4

   \                                 In section .bss, align 4
   \   __absolute OS_TCB OSIdleTaskTCB
   \                     OSIdleTaskTCB:
   \        0x0                      DS8 192

   \                                 In section .bss, align 1
   \   __absolute CPU_INT08U OSIntNestingCtr
   \                     OSIntNestingCtr:
   \        0x0                      DS8 1

   \                                 In section .bss, align 1
   \   __absolute OS_STATE OSRunning
   \                     OSRunning:
   \        0x0                      DS8 1

   \                                 In section .bss, align 4
   \   __absolute OS_INT_Q *OSIntQInPtr
   \                     OSIntQInPtr:
   \        0x0                      DS8 4

   \                                 In section .bss, align 4
   \   __absolute OS_INT_Q *OSIntQOutPtr
   \                     OSIntQOutPtr:
   \        0x0                      DS8 4

   \                                 In section .bss, align 2
   \   __absolute OS_OBJ_QTY OSIntQNbrEntries
   \                     OSIntQNbrEntries:
   \        0x0                      DS8 2

   \                                 In section .bss, align 2
   \   __absolute OS_OBJ_QTY OSIntQNbrEntriesMax
   \                     OSIntQNbrEntriesMax:
   \        0x0                      DS8 2

   \                                 In section .bss, align 2
   \   __absolute OS_OBJ_QTY OSIntQOvfCtr
   \                     OSIntQOvfCtr:
   \        0x0                      DS8 2

   \                                 In section .bss, align 4
   \   __absolute OS_TCB OSIntQTaskTCB
   \                     OSIntQTaskTCB:
   \        0x0                      DS8 192

   \                                 In section .bss, align 4
   \   __absolute CPU_TS OSIntQTaskTimeMax
   \                     OSIntQTaskTimeMax:
   \        0x0                      DS8 4

   \                                 In section .bss, align 4
   \   __absolute OS_FLAG_GRP *OSFlagDbgListPtr
   \                     OSFlagDbgListPtr:
   \        0x0                      DS8 4

   \                                 In section .bss, align 2
   \   __absolute OS_OBJ_QTY OSFlagQty
   \                     OSFlagQty:
   \        0x0                      DS8 2

   \                                 In section .bss, align 4
   \   __absolute OS_MEM *OSMemDbgListPtr
   \                     OSMemDbgListPtr:
   \        0x0                      DS8 4

   \                                 In section .bss, align 2
   \   __absolute OS_OBJ_QTY OSMemQty
   \                     OSMemQty:
   \        0x0                      DS8 2

   \                                 In section .bss, align 4
   \   __absolute OS_MSG_POOL OSMsgPool
   \                     OSMsgPool:
   \        0x0                      DS8 12

   \                                 In section .bss, align 4
   \   __absolute OS_MUTEX *OSMutexDbgListPtr
   \                     OSMutexDbgListPtr:
   \        0x0                      DS8 4

   \                                 In section .bss, align 2
   \   __absolute OS_OBJ_QTY OSMutexQty
   \                     OSMutexQty:
   \        0x0                      DS8 2

   \                                 In section .bss, align 1
   \   __absolute OS_PRIO OSPrioCur
   \                     OSPrioCur:
   \        0x0                      DS8 1

   \                                 In section .bss, align 1
   \   __absolute OS_PRIO OSPrioHighRdy
   \                     OSPrioHighRdy:
   \        0x0                      DS8 1

   \                                 In section .bss, align 1
   \   __absolute OS_PRIO OSPrioSaved
   \                     OSPrioSaved:
   \        0x0                      DS8 1

   \                                 In section .bss, align 4
   \   __absolute OS_Q *OSQDbgListPtr
   \                     OSQDbgListPtr:
   \        0x0                      DS8 4

   \                                 In section .bss, align 2
   \   __absolute OS_OBJ_QTY OSQQty
   \                     OSQQty:
   \        0x0                      DS8 2

   \                                 In section .bss, align 4
   \   __absolute OS_RDY_LIST OSRdyList[16]
   \                     OSRdyList:
   \        0x0                      DS8 192

   \                                 In section .bss, align 1
   \   __absolute CPU_INT08U OSSchedLockNestingCtr
   \                     OSSchedLockNestingCtr:
   \        0x0                      DS8 1

   \                                 In section .bss, align 4
   \   __absolute OS_TICK OSSchedRoundRobinDfltTimeQuanta
   \                     OSSchedRoundRobinDfltTimeQuanta:
   \        0x0                      DS8 4

   \                                 In section .bss, align 1
   \   __absolute CPU_BOOLEAN OSSchedRoundRobinEn
   \                     OSSchedRoundRobinEn:
   \        0x0                      DS8 1

   \                                 In section .bss, align 4
   \   __absolute OS_SEM *OSSemDbgListPtr
   \                     OSSemDbgListPtr:
   \        0x0                      DS8 4

   \                                 In section .bss, align 2
   \   __absolute OS_OBJ_QTY OSSemQty
   \                     OSSemQty:
   \        0x0                      DS8 2

   \                                 In section .bss, align 4
   \   __absolute CPU_INT32U OSTaskCtxSwCtr
   \                     OSTaskCtxSwCtr:
   \        0x0                      DS8 4

   \                                 In section .bss, align 4
   \   __absolute OS_TCB *OSTaskDbgListPtr
   \                     OSTaskDbgListPtr:
   \        0x0                      DS8 4

   \                                 In section .bss, align 2
   \   __absolute OS_OBJ_QTY OSTaskQty
   \                     OSTaskQty:
   \        0x0                      DS8 2

   \                                 In section .bss, align 1
   \   __absolute OS_REG_ID OSTaskRegNextAvailID
   \                     OSTaskRegNextAvailID:
   \        0x0                      DS8 1

   \                                 In section .bss, align 4
   \   __absolute OS_TICK OSTickCtr
   \                     OSTickCtr:
   \        0x0                      DS8 4

   \                                 In section .bss, align 4
   \   __absolute OS_TCB OSTickTaskTCB
   \                     OSTickTaskTCB:
   \        0x0                      DS8 192

   \                                 In section .bss, align 4
   \   __absolute CPU_TS OSTickTaskTimeMax
   \                     OSTickTaskTimeMax:
   \        0x0                      DS8 4

   \                                 In section .bss, align 4
   \   __absolute OS_TCB *OSTCBCurPtr
   \                     OSTCBCurPtr:
   \        0x0                      DS8 4

   \                                 In section .bss, align 4
   \   __absolute OS_TCB *OSTCBHighRdyPtr
   \                     OSTCBHighRdyPtr:
   \        0x0                      DS8 4
     37          
     38          #ifdef VSC_INCLUDE_SOURCE_FILE_NAMES
     39          const  CPU_CHAR  *os_var__c = "$Id: $";
     40          #endif


   Section sizes:

   Bytes  Function/Label
   -----  --------------
       4  OSFlagDbgListPtr
       2  OSFlagQty
       4  OSIdleTaskCtr
     192  OSIdleTaskTCB
       1  OSIntNestingCtr
       4  OSIntQInPtr
       2  OSIntQNbrEntries
       2  OSIntQNbrEntriesMax
       4  OSIntQOutPtr
       2  OSIntQOvfCtr
     192  OSIntQTaskTCB
       4  OSIntQTaskTimeMax
       4  OSMemDbgListPtr
       2  OSMemQty
      12  OSMsgPool
       4  OSMutexDbgListPtr
       2  OSMutexQty
       1  OSPrioCur
       1  OSPrioHighRdy
       1  OSPrioSaved
       4  OSQDbgListPtr
       2  OSQQty
     192  OSRdyList
       1  OSRunning
       1  OSSchedLockNestingCtr
       4  OSSchedRoundRobinDfltTimeQuanta
       1  OSSchedRoundRobinEn
       4  OSSemDbgListPtr
       2  OSSemQty
       4  OSTCBCurPtr
       4  OSTCBHighRdyPtr
       4  OSTaskCtxSwCtr
       4  OSTaskDbgListPtr
       2  OSTaskQty
       1  OSTaskRegNextAvailID
       4  OSTickCtr
     192  OSTickTaskTCB
       4  OSTickTaskTimeMax
       4  OS_AppIdleTaskHookPtr
       4  OS_AppStatTaskHookPtr
       4  OS_AppTaskCreateHookPtr
       4  OS_AppTaskDelHookPtr
       4  OS_AppTaskReturnHookPtr
       4  OS_AppTaskSwHookPtr
       4  OS_AppTimeTickHookPtr

 
 898 bytes in section .bss
 
 898 bytes of DATA memory

Errors: none
Warnings: none
